<?xml version="1.0" encoding="UTF-8"?>
<testsuite xmlns:xsi="http://www.w3.org/2001/XMLSchema-instance" xsi:schemaLocation="https://maven.apache.org/surefire/maven-surefire-plugin/xsd/surefire-test-report.xsd" name="com.Test.KumarGauravJain.runTest.RunTest" time="51.707" tests="11" errors="0" skipped="0" failures="0">
  <properties>
[...]
</properties>
  <testcase name="Given launch automation practise site" classname="Scenario: order t-shirt &amp; validate order history" time="0.002"/>
  <testcase name="When select t-shirt tab and place an order" classname="Scenario: order t-shirt &amp; validate order history" time="0"/>
  <testcase name="And sign-in for successful checkout" classname="Scenario: order t-shirt &amp; validate order history" time="0"/>
  <testcase name="And accept the agreement &amp; place order" classname="Scenario: order t-shirt &amp; validate order history" time="0"/>
  <testcase name="Then validate order status &amp; the amount" classname="Scenario: order t-shirt &amp; validate order history" time="0"/>
  <testcase name="Scenario: order t-shirt &amp; validate order history" classname="Scenario: order t-shirt &amp; validate order history" time="0.001"/>
  <testcase name="Given launch automation practise site" classname="Scenario: Update user profile" time="0"/>
  <testcase name="When sign-in to access the user account" classname="Scenario: Update user profile" time="0"/>
  <testcase name="And update user name" classname="Scenario: Update user profile" time="0"/>
  <testcase name="Then validate profile update status" classname="Scenario: Update user profile" time="0"/>
  <testcase name="Scenario: Update user profile" classname="Scenario: Update user profile" time="0.002"/>
</testsuite>